<?xml version="1.0" ?>
<coverage version="6.3.2" timestamp="1649354033245" lines-valid="4" lines-covered="1" line-rate="0.25" branches-covered="0" branches-valid="0" branch-rate="0" complexity="0">
	<!-- Generated by coverage.py: https://coverage.readthedocs.io -->
	<!-- Based on https://raw.githubusercontent.com/cobertura/web/master/htdocs/xml/coverage-04.dtd -->
	<sources>
		<source>/home/marcos/Projects/personal/gadummy/tests</source>
	</sources>
	<packages>
		<package name="." line-rate="0.25" branch-rate="0" complexity="0">
			<classes>
				<class name="test_p1_test.py" filename="test_p1_test.py" complexity="0" line-rate="0.25" branch-rate="0">
					<methods/>
					<lines>
						<line number="1" hits="0"/>
						<line number="5" hits="0"/>
						<line number="6" hits="0"/>
						<line number="7" hits="1"/>
					</lines>
				</class>
			</classes>
		</package>
	</packages>
</coverage>
